  [1m[35m (18.7ms)[0m  [1m[34mSELECT sqlite_version(*)[0m
  [1m[35m (160.8ms)[0m  [1m[35mCREATE TABLE "schema_migrations" ("version" varchar NOT NULL PRIMARY KEY)[0m
  [1m[35m (9.0ms)[0m  [1m[35mCREATE TABLE "ar_internal_metadata" ("key" varchar NOT NULL PRIMARY KEY, "value" varchar, "created_at" datetime(6) NOT NULL, "updated_at" datetime(6) NOT NULL)[0m
  [1m[35m (0.5ms)[0m  [1m[34mSELECT "schema_migrations"."version" FROM "schema_migrations" ORDER BY "schema_migrations"."version" ASC[0m
Migrating to CreateEvents (20200311162624)
  [1m[35m (0.1ms)[0m  [1m[36mbegin transaction[0m
  [1m[35m (1.7ms)[0m  [1m[35mCREATE TABLE "events" ("id" integer PRIMARY KEY AUTOINCREMENT NOT NULL, "title" varchar, "deadline" datetime, "description" varchar, "created_at" datetime(6) NOT NULL, "updated_at" datetime(6) NOT NULL)[0m
  [1m[36mprimary::SchemaMigration Create (0.4ms)[0m  [1m[32mINSERT INTO "schema_migrations" ("version") VALUES (?)[0m  [["version", "20200311162624"]]
  [1m[35m (11.6ms)[0m  [1m[36mcommit transaction[0m
Migrating to CreateTasks (20200311162749)
  [1m[35m (0.1ms)[0m  [1m[36mbegin transaction[0m
  [1m[35m (2.5ms)[0m  [1m[35mCREATE TABLE "tasks" ("id" integer PRIMARY KEY AUTOINCREMENT NOT NULL, "deadline" datetime, "description" varchar, "event_id" integer, "created_at" datetime(6) NOT NULL, "updated_at" datetime(6) NOT NULL, CONSTRAINT "fk_rails_31b279bb45"
FOREIGN KEY ("event_id")
  REFERENCES "events" ("id")
)[0m
  [1m[35m (0.5ms)[0m  [1m[35mCREATE  INDEX "index_tasks_on_event_id" ON "tasks" ("event_id")[0m
  [1m[36mprimary::SchemaMigration Create (0.3ms)[0m  [1m[32mINSERT INTO "schema_migrations" ("version") VALUES (?)[0m  [["version", "20200311162749"]]
  [1m[35m (13.3ms)[0m  [1m[36mcommit transaction[0m
Migrating to AddCompletedToTasks (20200311163148)
  [1m[35m (0.1ms)[0m  [1m[36mbegin transaction[0m
  [1m[35m (2.0ms)[0m  [1m[35mALTER TABLE "tasks" ADD "completed" boolean DEFAULT 0[0m
  [1m[36mprimary::SchemaMigration Create (0.4ms)[0m  [1m[32mINSERT INTO "schema_migrations" ("version") VALUES (?)[0m  [["version", "20200311163148"]]
  [1m[35m (8.8ms)[0m  [1m[36mcommit transaction[0m
  [1m[36mActiveRecord::InternalMetadata Load (0.5ms)[0m  [1m[34mSELECT "ar_internal_metadata".* FROM "ar_internal_metadata" WHERE "ar_internal_metadata"."key" = ? LIMIT ?[0m  [["key", "environment"], ["LIMIT", 1]]
  [1m[35m (0.1ms)[0m  [1m[36mbegin transaction[0m
  [1m[36mActiveRecord::InternalMetadata Create (1.5ms)[0m  [1m[32mINSERT INTO "ar_internal_metadata" ("key", "value", "created_at", "updated_at") VALUES (?, ?, ?, ?)[0m  [["key", "environment"], ["value", "development"], ["created_at", "2020-03-11 16:32:52.806456"], ["updated_at", "2020-03-11 16:32:52.806456"]]
  [1m[35m (10.0ms)[0m  [1m[36mcommit transaction[0m
  [1m[35m (0.1ms)[0m  [1m[34mSELECT sqlite_version(*)[0m
  [1m[35m (0.3ms)[0m  [1m[34mSELECT "schema_migrations"."version" FROM "schema_migrations" ORDER BY "schema_migrations"."version" ASC[0m
  [1m[35m (6.8ms)[0m  [1m[34mSELECT sqlite_version(*)[0m
  [1m[35m (0.4ms)[0m  [1m[34mSELECT "schema_migrations"."version" FROM "schema_migrations" ORDER BY "schema_migrations"."version" ASC[0m
  [1m[35m (1.0ms)[0m  [1m[34mSELECT sqlite_version(*)[0m
  [1m[35m (0.5ms)[0m  [1m[34mSELECT "schema_migrations"."version" FROM "schema_migrations" ORDER BY "schema_migrations"."version" ASC[0m
  [1m[35m (2.0ms)[0m  [1m[34mSELECT sqlite_version(*)[0m
  [1m[35m (0.4ms)[0m  [1m[34mSELECT "schema_migrations"."version" FROM "schema_migrations" ORDER BY "schema_migrations"."version" ASC[0m
  [1m[35m (1.1ms)[0m  [1m[34mSELECT sqlite_version(*)[0m
  [1m[35m (0.5ms)[0m  [1m[34mSELECT "schema_migrations"."version" FROM "schema_migrations" ORDER BY "schema_migrations"."version" ASC[0m
  [1m[35m (0.1ms)[0m  [1m[34mSELECT sqlite_version(*)[0m
  [1m[35m (0.1ms)[0m  [1m[36mbegin transaction[0m
  [1m[36mEvent Create (1.7ms)[0m  [1m[32mINSERT INTO "events" ("title", "deadline", "description", "created_at", "updated_at") VALUES (?, ?, ?, ?, ?)[0m  [["title", "Graduation"], ["deadline", "2018-09-25 18:59:00"], ["description", "Located at DARS Constitution Hall."], ["created_at", "2020-03-11 17:16:09.580451"], ["updated_at", "2020-03-11 17:16:09.580451"]]
  [1m[35m (9.5ms)[0m  [1m[36mcommit transaction[0m
  [1m[35m (0.1ms)[0m  [1m[36mbegin transaction[0m
  [1m[36mEvent Load (0.4ms)[0m  [1m[34mSELECT "events".* FROM "events" WHERE "events"."id" = ? LIMIT ?[0m  [["id", 1], ["LIMIT", 1]]
  [1m[36mTask Create (1.6ms)[0m  [1m[32mINSERT INTO "tasks" ("deadline", "description", "event_id", "created_at", "updated_at", "completed") VALUES (?, ?, ?, ?, ?, ?)[0m  [["deadline", "2018-09-11 12:59:00"], ["description", "Pay $60 graduation fee."], ["event_id", 1], ["created_at", "2020-03-11 17:16:09.775072"], ["updated_at", "2020-03-11 17:16:09.775072"], ["completed", 1]]
  [1m[35m (8.6ms)[0m  [1m[36mcommit transaction[0m
  [1m[35m (0.1ms)[0m  [1m[36mbegin transaction[0m
  [1m[36mEvent Load (0.4ms)[0m  [1m[34mSELECT "events".* FROM "events" WHERE "events"."id" = ? LIMIT ?[0m  [["id", 1], ["LIMIT", 1]]
  [1m[36mTask Create (1.4ms)[0m  [1m[32mINSERT INTO "tasks" ("deadline", "description", "event_id", "created_at", "updated_at") VALUES (?, ?, ?, ?, ?)[0m  [["deadline", "2018-09-10 12:59:00"], ["description", "Buy new suit"], ["event_id", 1], ["created_at", "2020-03-11 17:16:09.793039"], ["updated_at", "2020-03-11 17:16:09.793039"]]
  [1m[35m (8.7ms)[0m  [1m[36mcommit transaction[0m
  [1m[35m (0.1ms)[0m  [1m[36mbegin transaction[0m
  [1m[36mEvent Create (1.2ms)[0m  [1m[32mINSERT INTO "events" ("title", "deadline", "description", "created_at", "updated_at") VALUES (?, ?, ?, ?, ?)[0m  [["title", "Surprise Party"], ["deadline", "2018-09-14 12:59:00"], ["description", "Sarah's surprise birthday celebration."], ["created_at", "2020-03-11 17:16:09.806929"], ["updated_at", "2020-03-11 17:16:09.806929"]]
  [1m[35m (9.5ms)[0m  [1m[36mcommit transaction[0m
  [1m[35m (0.1ms)[0m  [1m[36mbegin transaction[0m
  [1m[36mEvent Load (0.3ms)[0m  [1m[34mSELECT "events".* FROM "events" WHERE "events"."id" = ? LIMIT ?[0m  [["id", 2], ["LIMIT", 1]]
  [1m[36mTask Create (1.1ms)[0m  [1m[32mINSERT INTO "tasks" ("deadline", "description", "event_id", "created_at", "updated_at", "completed") VALUES (?, ?, ?, ?, ?, ?)[0m  [["deadline", "2018-09-10 12:59:00"], ["description", "Confirm number of attendees"], ["event_id", 2], ["created_at", "2020-03-11 17:16:09.826364"], ["updated_at", "2020-03-11 17:16:09.826364"], ["completed", 1]]
  [1m[35m (8.0ms)[0m  [1m[36mcommit transaction[0m
  [1m[35m (0.1ms)[0m  [1m[36mbegin transaction[0m
  [1m[36mEvent Load (0.3ms)[0m  [1m[34mSELECT "events".* FROM "events" WHERE "events"."id" = ? LIMIT ?[0m  [["id", 2], ["LIMIT", 1]]
  [1m[36mTask Create (1.2ms)[0m  [1m[32mINSERT INTO "tasks" ("deadline", "description", "event_id", "created_at", "updated_at") VALUES (?, ?, ?, ?, ?)[0m  [["deadline", "2018-09-10 12:59:00"], ["description", "Purchase cake"], ["event_id", 2], ["created_at", "2020-03-11 17:16:09.842298"], ["updated_at", "2020-03-11 17:16:09.842298"]]
  [1m[35m (8.8ms)[0m  [1m[36mcommit transaction[0m
  [1m[35m (0.1ms)[0m  [1m[36mbegin transaction[0m
  [1m[36mEvent Create (1.2ms)[0m  [1m[32mINSERT INTO "events" ("title", "deadline", "description", "created_at", "updated_at") VALUES (?, ?, ?, ?, ?)[0m  [["title", "Foo Fighter Concert"], ["deadline", "2020-07-04 12:59:00"], ["description", "Located at FedEx Arena"], ["created_at", "2020-03-11 17:16:09.856046"], ["updated_at", "2020-03-11 17:16:09.856046"]]
  [1m[35m (8.3ms)[0m  [1m[36mcommit transaction[0m
  [1m[35m (0.1ms)[0m  [1m[36mbegin transaction[0m
  [1m[36mEvent Load (0.3ms)[0m  [1m[34mSELECT "events".* FROM "events" WHERE "events"."id" = ? LIMIT ?[0m  [["id", 3], ["LIMIT", 1]]
  [1m[36mTask Create (1.3ms)[0m  [1m[32mINSERT INTO "tasks" ("deadline", "description", "event_id", "created_at", "updated_at", "completed") VALUES (?, ?, ?, ?, ?, ?)[0m  [["deadline", "2020-05-03 12:59:00"], ["description", "Purchase tickets via Ticketmaster"], ["event_id", 3], ["created_at", "2020-03-11 17:16:09.872834"], ["updated_at", "2020-03-11 17:16:09.872834"], ["completed", 1]]
  [1m[35m (8.5ms)[0m  [1m[36mcommit transaction[0m
  [1m[35m (0.1ms)[0m  [1m[36mbegin transaction[0m
  [1m[36mEvent Load (0.3ms)[0m  [1m[34mSELECT "events".* FROM "events" WHERE "events"."id" = ? LIMIT ?[0m  [["id", 3], ["LIMIT", 1]]
  [1m[36mTask Create (1.2ms)[0m  [1m[32mINSERT INTO "tasks" ("deadline", "description", "event_id", "created_at", "updated_at") VALUES (?, ?, ?, ?, ?)[0m  [["deadline", "2020-04-10 12:59:00"], ["description", "Save $350 for tickets"], ["event_id", 3], ["created_at", "2020-03-11 17:16:09.888951"], ["updated_at", "2020-03-11 17:16:09.888951"]]
  [1m[35m (8.9ms)[0m  [1m[36mcommit transaction[0m
